<?xml version="1.0" encoding="UTF-8"?>
<!-- Generated by org.testng.reporters.JUnitReportReporter -->
<testsuite hostname="MAA-5CG0263GC5" failures="0" tests="3" name="api.test.DDTests" time="6.952" errors="0" timestamp="2024-02-17T08:53:42 IST" skipped="0">
  <testcase classname="api.test.DDTests" name="testPostuser" time="4.435"/>
  <system-out/>
  <testcase classname="api.test.DDTests" name="testPostuser" time="1.259"/>
  <system-out/>
  <testcase classname="api.test.DDTests" name="testPostuser" time="1.258"/>
  <system-out/>
</testsuite> <!-- api.test.DDTests -->
